<?xml version="1.0" encoding="UTF-8"?>
<!-- Generated by org.testng.reporters.JUnitReportReporter -->
<testsuite name="com.jbk.test.DashBoardTest" tests="2" time="0.663" ignored="0" failures="0" timestamp="26 Oct 2021 05:33:49 GMT" skipped="0" hostname="Lokesh-PC" errors="0">
  <testcase name="wlogout" time="0.254" classname="com.jbk.test.DashBoardTest"/>
  <testcase name="verifyUser" time="0.409" classname="com.jbk.test.DashBoardTest"/>
</testsuite> <!-- com.jbk.test.DashBoardTest -->
