<?xml version="1.0" encoding="UTF-8"?>
<!-- Generated by org.testng.reporters.JUnitReportReporter -->
<testsuite name="com.jbk.test.LoginTest" tests="3" time="16.544" ignored="0" failures="0" timestamp="26 Oct 2021 05:33:49 GMT" skipped="0" hostname="Lokesh-PC" errors="0">
  <testcase name="inValidLoginTest" time="1.466" classname="com.jbk.test.LoginTest"/>
  <testcase name="verifyBlankData" time="0.256" classname="com.jbk.test.LoginTest"/>
  <testcase name="verifyTitle" time="14.822" classname="com.jbk.test.LoginTest"/>
</testsuite> <!-- com.jbk.test.LoginTest -->
