<?xml version="1.0" encoding="UTF-8"?>
<!-- Generated by org.testng.reporters.JUnitReportReporter -->
<testsuite name="com.jbk.test.UserTest" tests="2" time="0.230" ignored="0" failures="0" timestamp="26 Oct 2021 05:33:49 GMT" skipped="0" hostname="Lokesh-PC" errors="0">
  <testcase name="HeadingName" time="0.204" classname="com.jbk.test.UserTest"/>
  <testcase name="TotalHeadings" time="0.026" classname="com.jbk.test.UserTest"/>
</testsuite> <!-- com.jbk.test.UserTest -->
